<?xml version="1.0" encoding="UTF-8"?>
<testsuites name="Mocha Tests" time="135.2680" tests="5" failures="0">
  <testsuite name="Root Suite" timestamp="2022-11-07T14:36:17" tests="0" file="cypress/e2e/makeASale.cy.js" time="0.0000" failures="0">
  </testsuite>
  <testsuite name="Make A Sale Functionalities" timestamp="2022-11-07T14:36:17" tests="5" time="135.2680" failures="0">
    <testcase name="Make A Sale Functionalities SHould be able to make a sale" time="31.5430" classname="SHould be able to make a sale">
    </testcase>
    <testcase name="Make A Sale Functionalities Should be able to place order" time="24.9950" classname="Should be able to place order">
    </testcase>
    <testcase name="Make A Sale Functionalities Should be able to save order" time="24.3600" classname="Should be able to save order">
    </testcase>
    <testcase name="Make A Sale Functionalities Should be able to charge order" time="33.2060" classname="Should be able to charge order">
    </testcase>
    <testcase name="Make A Sale Functionalities Should be able to switch sales channel" time="21.1640" classname="Should be able to switch sales channel">
    </testcase>
  </testsuite>
</testsuites>