<?xml version="1.0" encoding="UTF-8"?>
<testsuites name="Mocha Tests" time="89.3480" tests="2" failures="0">
  <testsuite name="Root Suite" timestamp="2020-07-06T15:28:46" tests="0" file="cypress\integration\User.js" time="0.0000" failures="0">
  </testsuite>
  <testsuite name="Verify User" timestamp="2020-07-06T15:28:46" tests="2" time="89.3480" failures="0">
    <testcase name="Verify User Verify Create User" time="60.4580" classname="Verify Create User">
    </testcase>
    <testcase name="Verify User View Users" time="28.8900" classname="View Users">
    </testcase>
  </testsuite>
</testsuites>