<?xml version="1.0" encoding="UTF-8"?>
<testsuites name="Mocha Tests" time="54.5430" tests="2" failures="0">
  <testsuite name="Root Suite" timestamp="2020-07-05T14:53:26" tests="0" file="cypress\integration\User.js" time="0.0000" failures="0">
  </testsuite>
  <testsuite name="Verify User" timestamp="2020-07-05T14:53:26" tests="2" time="54.5430" failures="0">
    <testcase name="Verify User Verify Create User" time="33.6990" classname="Verify Create User">
    </testcase>
    <testcase name="Verify User View Users" time="20.8440" classname="View Users">
    </testcase>
  </testsuite>
</testsuites>