<?xml version="1.0" encoding="UTF-8"?>
<testsuites name="Mocha Tests" time="0.0000" tests="1" failures="1">
  <testsuite name="Root Suite" timestamp="2020-07-05T14:49:38" tests="0" file="cypress\integration\CustomerAccount.js" time="0.0000" failures="0">
  </testsuite>
  <testsuite name="Customer Account" timestamp="2020-07-05T14:49:38" tests="1" time="0.0000" failures="1">
    <testcase name="Customer Account Create Customer Account" time="0.0000" classname="Create Customer Account">
      <failure message="Timed out retrying: `cy.select()` failed because it could not find a single `&lt;option&gt;` with value or text matching: ``

https://on.cypress.io/select" type="CypressError"><![CDATA[CypressError: Timed out retrying: `cy.select()` failed because it could not find a single `<option>` with value or text matching: ``

https://on.cypress.io/select
    at cypressErr (https://nerve-uat.kudabank.com/__cypress/runner/cypress_runner.js:146621:16)
    at cypressErrByPath (https://nerve-uat.kudabank.com/__cypress/runner/cypress_runner.js:146630:10)
    at Object.throwErrByPath (https://nerve-uat.kudabank.com/__cypress/runner/cypress_runner.js:146593:11)
    at getOptions (https://nerve-uat.kudabank.com/__cypress/runner/cypress_runner.js:130404:21)
    at tryCatcher (https://nerve-uat.kudabank.com/__cypress/runner/cypress_runner.js:9065:23)
    at Function.Promise.attempt.Promise.try (https://nerve-uat.kudabank.com/__cypress/runner/cypress_runner.js:6339:29)
    at retryOptions (https://nerve-uat.kudabank.com/__cypress/runner/cypress_runner.js:130431:30)
    at tryCatcher (https://nerve-uat.kudabank.com/__cypress/runner/cypress_runner.js:9065:23)
    at Function.Promise.attempt.Promise.try (https://nerve-uat.kudabank.com/__cypress/runner/cypress_runner.js:6339:29)
    at tryFn (https://nerve-uat.kudabank.com/__cypress/runner/cypress_runner.js:140680:21)
    at whenStable (https://nerve-uat.kudabank.com/__cypress/runner/cypress_runner.js:140715:12)
    at https://nerve-uat.kudabank.com/__cypress/runner/cypress_runner.js:140259:16
    at tryCatcher (https://nerve-uat.kudabank.com/__cypress/runner/cypress_runner.js:9065:23)
    at Promise._settlePromiseFromHandler (https://nerve-uat.kudabank.com/__cypress/runner/cypress_runner.js:7000:31)
    at Promise._settlePromise (https://nerve-uat.kudabank.com/__cypress/runner/cypress_runner.js:7057:18)
    at Promise._settlePromise0 (https://nerve-uat.kudabank.com/__cypress/runner/cypress_runner.js:7102:10)]]></failure>
    </testcase>
  </testsuite>
</testsuites>