<?xml version="1.0" encoding="UTF-8"?>
<testsuites name="Mocha Tests" time="24.4220" tests="3" failures="2">
  <testsuite name="Root Suite" timestamp="2020-07-05T14:46:40" tests="0" file="cypress\integration\branch.js" time="0.0000" failures="0">
  </testsuite>
  <testsuite name="Branch" timestamp="2020-07-05T14:46:40" tests="3" time="24.4220" failures="2">
    <testcase name="Branch Create Branch" time="0.0000" classname="Create Branch">
      <failure message="Timed out retrying: `cy.select()` failed because it could not find a single `&lt;option&gt;` with value or text matching: `Western`

https://on.cypress.io/select" type="CypressError"><![CDATA[CypressError: Timed out retrying: `cy.select()` failed because it could not find a single `<option>` with value or text matching: `Western`

https://on.cypress.io/select
    at cypressErr (https://nerve-uat.kudabank.com/__cypress/runner/cypress_runner.js:146621:16)
    at cypressErrByPath (https://nerve-uat.kudabank.com/__cypress/runner/cypress_runner.js:146630:10)
    at Object.throwErrByPath (https://nerve-uat.kudabank.com/__cypress/runner/cypress_runner.js:146593:11)
    at getOptions (https://nerve-uat.kudabank.com/__cypress/runner/cypress_runner.js:130404:21)
    at tryCatcher (https://nerve-uat.kudabank.com/__cypress/runner/cypress_runner.js:9065:23)
    at Function.Promise.attempt.Promise.try (https://nerve-uat.kudabank.com/__cypress/runner/cypress_runner.js:6339:29)
    at retryOptions (https://nerve-uat.kudabank.com/__cypress/runner/cypress_runner.js:130431:30)
    at tryCatcher (https://nerve-uat.kudabank.com/__cypress/runner/cypress_runner.js:9065:23)
    at Function.Promise.attempt.Promise.try (https://nerve-uat.kudabank.com/__cypress/runner/cypress_runner.js:6339:29)
    at tryFn (https://nerve-uat.kudabank.com/__cypress/runner/cypress_runner.js:140680:21)
    at whenStable (https://nerve-uat.kudabank.com/__cypress/runner/cypress_runner.js:140715:12)
    at https://nerve-uat.kudabank.com/__cypress/runner/cypress_runner.js:140259:16
    at tryCatcher (https://nerve-uat.kudabank.com/__cypress/runner/cypress_runner.js:9065:23)
    at Promise._settlePromiseFromHandler (https://nerve-uat.kudabank.com/__cypress/runner/cypress_runner.js:7000:31)
    at Promise._settlePromise (https://nerve-uat.kudabank.com/__cypress/runner/cypress_runner.js:7057:18)
    at Promise._settlePromise0 (https://nerve-uat.kudabank.com/__cypress/runner/cypress_runner.js:7102:10)]]></failure>
    </testcase>
    <testcase name="Branch View Branch" time="0.0000" classname="View Branch">
      <failure message="Timed out retrying: Expected to find element: `:nth-child(3) &gt; :nth-child(5) &gt; .nerve-menu--heading`, but never found it." type="AssertionError"><![CDATA[AssertionError: Timed out retrying: Expected to find element: `:nth-child(3) > :nth-child(5) > .nerve-menu--heading`, but never found it.
    at ensureExistence (https://nerve-uat.kudabank.com/__cypress/runner/cypress_runner.js:137673:32)
    at Object.ensureElExistence (https://nerve-uat.kudabank.com/__cypress/runner/cypress_runner.js:137691:12)
    at ensureExistence (https://nerve-uat.kudabank.com/__cypress/runner/cypress_runner.js:127867:23)
    at onFailFn (https://nerve-uat.kudabank.com/__cypress/runner/cypress_runner.js:127905:9)
    at tryCatcher (https://nerve-uat.kudabank.com/__cypress/runner/cypress_runner.js:9065:23)
    at Promise._settlePromiseFromHandler (https://nerve-uat.kudabank.com/__cypress/runner/cypress_runner.js:7000:31)
    at Promise._settlePromise (https://nerve-uat.kudabank.com/__cypress/runner/cypress_runner.js:7057:18)
    at Promise._settlePromise0 (https://nerve-uat.kudabank.com/__cypress/runner/cypress_runner.js:7102:10)
    at Promise._settlePromises (https://nerve-uat.kudabank.com/__cypress/runner/cypress_runner.js:7178:18)
    at _drainQueueStep (https://nerve-uat.kudabank.com/__cypress/runner/cypress_runner.js:3772:12)
    at _drainQueue (https://nerve-uat.kudabank.com/__cypress/runner/cypress_runner.js:3765:9)
    at Async.../../node_modules/bluebird/js/release/async.js.Async._drainQueues (https://nerve-uat.kudabank.com/__cypress/runner/cypress_runner.js:3781:5)
    at Async.drainQueues (https://nerve-uat.kudabank.com/__cypress/runner/cypress_runner.js:3651:14)]]></failure>
    </testcase>
    <testcase name="Branch Update Branch" time="24.4220" classname="Update Branch">
    </testcase>
  </testsuite>
</testsuites>