<?xml version="1.0" encoding="UTF-8"?>
<testsuites name="Mocha Tests" time="0.0000" tests="2" failures="0">
  <testsuite name="Root Suite" timestamp="2022-11-07T16:35:12" tests="0" file="cypress/e2e/transaction.cy.js" time="0.0000" failures="0">
  </testsuite>
  <testsuite name="Transaction Functionalities" timestamp="2022-11-07T16:35:12" tests="2" time="0.0000" failures="0">
  </testsuite>
</testsuites>