<?xml version="1.0" encoding="UTF-8"?>
<testsuites name="Mocha Tests" time="20.9290" tests="1" failures="0">
  <testsuite name="Root Suite" timestamp="2020-07-05T14:51:06" tests="0" file="cypress\integration\loginTest.js" time="0.0000" failures="0">
  </testsuite>
  <testsuite name="Device Test" timestamp="2020-07-05T14:51:06" tests="1" time="20.9290" failures="0">
    <testcase name="Device Test Verify Invalid Login" time="20.9290" classname="Verify Invalid Login">
    </testcase>
  </testsuite>
</testsuites>