<?xml version="1.0" encoding="UTF-8"?>
<testsuites name="Mocha Tests" time="0.0000" tests="1" failures="1">
  <testsuite name="Root Suite" timestamp="2020-07-06T15:23:22" tests="0" file="cypress\integration\loginTest.js" time="0.0000" failures="0">
  </testsuite>
  <testsuite name="Device Test" timestamp="2020-07-06T15:23:22" tests="1" time="0.0000" failures="1">
    <testcase name="Device Test Verify Invalid Login" time="0.0000" classname="Verify Invalid Login">
      <failure message="`cy.screenshot()` timed out waiting `30000ms` to complete." type="CypressError"><![CDATA[CypressError: `cy.screenshot()` timed out waiting `30000ms` to complete.
    at cypressErr (https://nerve-uat.kudabank.com/__cypress/runner/cypress_runner.js:146621:16)
    at cypressErrByPath (https://nerve-uat.kudabank.com/__cypress/runner/cypress_runner.js:146630:10)
    at Object.throwErrByPath (https://nerve-uat.kudabank.com/__cypress/runner/cypress_runner.js:146593:11)
    at https://nerve-uat.kudabank.com/__cypress/runner/cypress_runner.js:135913:24
    at tryCatcher (https://nerve-uat.kudabank.com/__cypress/runner/cypress_runner.js:9065:23)
    at https://nerve-uat.kudabank.com/__cypress/runner/cypress_runner.js:4187:41
    at tryCatcher (https://nerve-uat.kudabank.com/__cypress/runner/cypress_runner.js:9065:23)
    at Promise._settlePromiseFromHandler (https://nerve-uat.kudabank.com/__cypress/runner/cypress_runner.js:7000:31)
    at Promise._settlePromise (https://nerve-uat.kudabank.com/__cypress/runner/cypress_runner.js:7057:18)
    at Promise._settlePromise0 (https://nerve-uat.kudabank.com/__cypress/runner/cypress_runner.js:7102:10)
    at Promise._settlePromises (https://nerve-uat.kudabank.com/__cypress/runner/cypress_runner.js:7178:18)
    at _drainQueueStep (https://nerve-uat.kudabank.com/__cypress/runner/cypress_runner.js:3772:12)
    at _drainQueue (https://nerve-uat.kudabank.com/__cypress/runner/cypress_runner.js:3765:9)
    at Async.../../node_modules/bluebird/js/release/async.js.Async._drainQueues (https://nerve-uat.kudabank.com/__cypress/runner/cypress_runner.js:3781:5)
    at Async.drainQueues (https://nerve-uat.kudabank.com/__cypress/runner/cypress_runner.js:3651:14)]]></failure>
    </testcase>
  </testsuite>
</testsuites>