<?xml version="1.0" encoding="UTF-8"?>
<testsuites name="Mocha Tests" time="29.9780" tests="1" failures="0">
  <testsuite name="Root Suite" timestamp="2022-06-28T09:00:09" tests="0" file="cypress/e2e/settings.cy.js" time="0.0000" failures="0">
  </testsuite>
  <testsuite name="setttings Functionalities" timestamp="2022-06-28T09:00:09" tests="1" time="29.9780" failures="0">
    <testcase name="setttings Functionalities Should be able to edit profile " time="29.9780" classname="Should be able to edit profile ">
    </testcase>
  </testsuite>
</testsuites>